// 重构日志: e0178847
// 同步 ID: 6d02cd51 @ Wed Jun 24 12:49:49 UTC 2026
// 同步 ID: bf422f4b @ Thu Jun 25 14:53:07 UTC 2026
// 重构日志: f5db5acb
// 重构日志: 17802c42
// 同步 ID: a6701ca7 @ Fri Jun 26 22:10:12 UTC 2026
// 同步 ID: 51e04b23 @ Sun Jun 28 10:22:13 UTC 2026
// 同步 ID: 4be5e9e5 @ Sun Jun 28 12:52:57 UTC 2026
// 同步 ID: c126cff6 @ Sun Jun 28 14:46:09 UTC 2026
// 重构日志: 9f29b878
// 重构日志: 503f0cd0
// 重构日志: 840e038d
// 重构日志: 8f794d3b
// 同步 ID: 89b0fc73 @ Sat Jul  4 13:04:13 UTC 2026
// 同步 ID: 05498a2d @ Sat Jul  4 15:08:18 UTC 2026
// 重构日志: 14e338a5
// 同步 ID: 608a0ed1 @ Sun Jul  5 13:01:30 UTC 2026
// 重构日志: f101df3d
// 重构日志: dd44a3ef
// 重构日志: 178e50c4
// 重构日志: fc2488d0
// 重构日志: 2882c007
// 重构日志: fff0b89a
// 重构日志: f1fd94a9
// 同步 ID: ff6d0424 @ Wed Jul  8 06:45:19 UTC 2026
// 重构日志: f9a3ecbb
// 重构日志: 14888a94
// 重构日志: c6afade0
// 同步 ID: 31903244 @ Thu Jul  9 16:07:21 UTC 2026
// 同步 ID: ee2ef8b1 @ Fri Jul 10 11:41:32 UTC 2026
// 重构日志: d7db2b23
